Spark Sketch - Your online Drawing Pad

====================|TO DO|====================
+ F.A.Q. - administration
+ Arc Tool, Gradient, Rounded Corners, Bigger
Size Canvas, Oval Tool, Scale Tool, Rotate Tool
+ AJAX Pagination/Draw Pagination
+ Spark Sketch File System
+ Colaborative Painting
+ Multiplayer Games
+ Install system
+ Extend the Mobile platform
===============================================

@@@@@@@@@@@@@@@@@@@@@@@@@@@@@@@@@@@@@@@@@@@@@@@@@@@@@@@@@@@@@@@@@@@@@@@@@@@@@@@@
	Version 0.3.x - Ilarie Voronca
@@@@@@@@@@@@@@@@@@@@@@@@@@@@@@@@@@@@@@@@@@@@@@@@@@@@@@@@@@@@@@@@@@@@@@@@@@@@@@@@

#################|Version 0.3.3|##################
- Now you can modify the canvas size.
- Added FAQ section
- QR Code for mobile phones link

#################|Version 0.3.2|##################
- Added a mobile version of our website

#################|Version 0.3.1|##################
- Fixed undo function in extended draw app
- Added thumbnails to my gallery
- Extended user invitation page
- Fixed a delete bug. Now after a draw is delete it's discussion will be deleted.

#################|Version 0.3.0|##################
- New extended Drawing Pad (available only to registered users)
- New Tools: Brush, Line, Circle, Rectangle, Text
- New background tools: Fill Background, Axis Background
- Paint Preview, Redo Function
- Some tools have Fill & Stroke Options (Circle & Rectangle)
- Optimized image loading - On the fly thumbnail creation

@@@@@@@@@@@@@@@@@@@@@@@@@@@@@@@@@@@@@@@@@@@@@@@@@@@@@@@@@@@@@@@@@@@@@@@@@@@@@@@@
	Version 0.2.x - Sasa Pana
@@@@@@@@@@@@@@@@@@@@@@@@@@@@@@@@@@@@@@@@@@@@@@@@@@@@@@@@@@@@@@@@@@@@@@@@@@@@@@@@

#################|Version 0.2.6z|#################
- Fixed ajax double save bug

#################|Version 0.2.6|##################
- Each draw can be discussed
- Akismet implementation
- Fixed ajax registration and login

#################|Version 0.2.5|##################
- Username limited to 30 characters
- Images can be reported
- Updated administration system
- "Demo" draws are moderated first than published

#################|Version 0.2.4|##################
- Updated language selection - 2 default languages
- Added a notice after registration
- Added background fill button
- "Demo" draw download

#################|Version 0.2.3|##################
- Drawing Pad bug fixes
- Added Password recovery function
- Added Facebook image thumbnail to gallery elements

#################|Version 0.2.2b|#################
- Fixed a few bugs with the drawing system
- Updated account activation function

#################|Version 0.2.2|##################
- Added Undo function
- Fixed save bug
- Added User invitation system

#################|Version 0.2.1|##################
- New Design
- New Drawing Pad js
- New Engine
- Droped Quota function

@@@@@@@@@@@@@@@@@@@@@@@@@@@@@@@@@@@@@@@@@@@@@@@@@@@@@@@@@@@@@@@@@@@@@@@@@@@@@@@@
	Version 0.1.x - Tristan Tzara
@@@@@@@@@@@@@@@@@@@@@@@@@@@@@@@@@@@@@@@@@@@@@@@@@@@@@@@@@@@@@@@@@@@@@@@@@@@@@@@@

#################|Version 0.1.6|##################
- Fixed a registration bug
- Added the posibilty to change between pretty URL's
and ugly URL's (mod_rewrite or path_info)
- Added the posibilty to change the website title

#################|Version 0.1.5|##################
- Reverted to the original jQuery UI theme
- Added global website configuration (see config section)
- Added Global Gallery - available to all visitators
- Fixed a few bugs
- Enhanced admin functions

#################|Version 0.1.4|##################
- Fixed canvas extend image loading
- Updated quota function
- Made quota to work
- Changed jQuery UI Theme - Aristo
- Added Chrome Notice at extend page
- Added Browser Class

#################|Version 0.1.3|##################
- Added extend function
- Created the README file
- Updated first page information
- Implemented quota functions - paintings quota
- Fixed activation bug

#################|Version 0.1.2|##################
- Fixed "admin delete" bug - delete.php
- Added download button to gallery page
- Moved buttons css style to another file
- Fixed email sending problem

#################|Version 0.1.1|##################
- Created the main program
- 2 Main sections - registred and unregistred
- Used drawingpad jquery plugin
- Ajax Login and Register
- My Gallery
- Image Sharing - with AddThis (by ClearSpring)
